<?xml version="1.0" encoding="UTF-8"?>
<coverage generated="1693082040727" clover="3.2.0">
  <project timestamp="1693082040727" name="All files">
    <metrics statements="14" coveredstatements="12" conditionals="10" coveredconditionals="8" methods="2" coveredmethods="2" elements="26" coveredelements="22" complexity="0" loc="14" ncloc="14" packages="2" files="2" classes="2"/>
    <package name="00">
      <metrics statements="9" coveredstatements="8" conditionals="6" coveredconditionals="5" methods="1" coveredmethods="1"/>
      <file name="createItem.js" path="/home/harrison/Desktop/pastaExercicios/trybe-exercicios/exercises_5.1/00/createItem.js">
        <metrics statements="9" coveredstatements="8" conditionals="6" coveredconditionals="5" methods="1" coveredmethods="1"/>
        <line num="1" count="1" type="stmt"/>
        <line num="2" count="6" type="cond" truecount="2" falsecount="0"/>
        <line num="3" count="4" type="stmt"/>
        <line num="5" count="2" type="cond" truecount="1" falsecount="1"/>
        <line num="6" count="0" type="stmt"/>
        <line num="8" count="2" type="cond" truecount="2" falsecount="0"/>
        <line num="9" count="1" type="stmt"/>
        <line num="11" count="2" type="stmt"/>
        <line num="19" count="1" type="stmt"/>
      </file>
    </package>
    <package name="01">
      <metrics statements="5" coveredstatements="4" conditionals="4" coveredconditionals="3" methods="1" coveredmethods="1"/>
      <file name="sum.js" path="/home/harrison/Desktop/pastaExercicios/trybe-exercicios/exercises_5.1/01/sum.js">
        <metrics statements="5" coveredstatements="4" conditionals="4" coveredconditionals="3" methods="1" coveredmethods="1"/>
        <line num="1" count="1" type="stmt"/>
        <line num="2" count="1" type="cond" truecount="3" falsecount="1"/>
        <line num="3" count="0" type="stmt"/>
        <line num="5" count="1" type="stmt"/>
        <line num="8" count="1" type="stmt"/>
      </file>
    </package>
  </project>
</coverage>
